# JRE version: Java(TM) SE Runtime Environment (8.0_201-b09) (build 1.8.0_201-b09)
# Java VM: Java HotSpot(TM) 64-Bit Server VM (25.201-b09 mixed mode windows-amd64 compressed oops)
Heap:
 PSYoungGen      total 266752K, used 248449K [0x00000000d5f00000, 0x00000000e7f00000, 0x0000000100000000)
  eden space 249856K, 99% used [0x00000000d5f00000,0x00000000e51a0590,0x00000000e5300000)
  from space 16896K, 0% used [0x00000000e5b00000,0x00000000e5b00000,0x00000000e6b80000)
  to   space 19968K, 0% used [0x00000000e6b80000,0x00000000e6b80000,0x00000000e7f00000)
 ParOldGen       total 126464K, used 42305K [0x0000000081c00000, 0x0000000089780000, 0x00000000d5f00000)
  object space 126464K, 33% used [0x0000000081c00000,0x0000000084550560,0x0000000089780000)
 Metaspace       used 47735K, capacity 48620K, committed 48896K, reserved 1091584K
  class space    used 5804K, capacity 6057K, committed 6144K, reserved 1048576K
GC Heap History (10 events):
Event: 5.172 GC heap before
{Heap before GC invocations=7 (full 0):
 PSYoungGen      total 145920K, used 17729K [0x00000000d5f00000, 0x00000000dfa00000, 0x0000000100000000)
  eden space 133120K, 5% used [0x00000000d5f00000,0x00000000d66bc5a0,0x00000000de100000)
  from space 12800K, 76% used [0x00000000ded80000,0x00000000df713f38,0x00000000dfa00000)
  to   space 12800K, 0% used [0x00000000de100000,0x00000000de100000,0x00000000ded80000)
 ParOldGen       total 87552K, used 16355K [0x0000000081c00000, 0x0000000087180000, 0x00000000d5f00000)
  object space 87552K, 18% used [0x0000000081c00000,0x0000000082bf8f08,0x0000000087180000)
 Metaspace       used 20641K, capacity 21104K, committed 21296K, reserved 1069056K
  class space    used 2470K, capacity 2618K, committed 2688K, reserved 1048576K
Event: 5.207 GC heap after
Heap after GC invocations=7 (full 0):
 PSYoungGen      total 145920K, used 7264K [0x00000000d5f00000, 0x00000000e7c00000, 0x0000000100000000)
  eden space 133120K, 0% used [0x00000000d5f00000,0x00000000d5f00000,0x00000000de100000)
  from space 12800K, 56% used [0x00000000de100000,0x00000000de818250,0x00000000ded80000)
  to   space 12800K, 0% used [0x00000000e6f80000,0x00000000e6f80000,0x00000000e7c00000)
 ParOldGen       total 87552K, used 17941K [0x0000000081c00000, 0x0000000087180000, 0x00000000d5f00000)
  object space 87552K, 20% used [0x0000000081c00000,0x0000000082d857c8,0x0000000087180000)
 Metaspace       used 20641K, capacity 21104K, committed 21296K, reserved 1069056K
  class space    used 2470K, capacity 2618K, committed 2688K, reserved 1048576K
}
Event: 5.207 GC heap before
{Heap before GC invocations=8 (full 1):
 PSYoungGen      total 145920K, used 7264K [0x00000000d5f00000, 0x00000000e7c00000, 0x0000000100000000)
  eden space 133120K, 0% used [0x00000000d5f00000,0x00000000d5f00000,0x00000000de100000)
  from space 12800K, 56% used [0x00000000de100000,0x00000000de818250,0x00000000ded80000)
  to   space 12800K, 0% used [0x00000000e6f80000,0x00000000e6f80000,0x00000000e7c00000)
 ParOldGen       total 87552K, used 17941K [0x0000000081c00000, 0x0000000087180000, 0x00000000d5f00000)
  object space 87552K, 20% used [0x0000000081c00000,0x0000000082d857c8,0x0000000087180000)
 Metaspace       used 20641K, capacity 21104K, committed 21296K, reserved 1069056K
  class space    used 2470K, capacity 2618K, committed 2688K, reserved 1048576K
Event: 5.438 GC heap after
Heap after GC invocations=8 (full 1):
 PSYoungGen      total 145920K, used 0K [0x00000000d5f00000, 0x00000000e7c00000, 0x0000000100000000)
  eden space 133120K, 0% used [0x00000000d5f00000,0x00000000d5f00000,0x00000000de100000)
  from space 12800K, 0% used [0x00000000de100000,0x00000000de100000,0x00000000ded80000)
  to   space 12800K, 0% used [0x00000000e6f80000,0x00000000e6f80000,0x00000000e7c00000)
 ParOldGen       total 74752K, used 18864K [0x0000000081c00000, 0x0000000086500000, 0x00000000d5f00000)
  object space 74752K, 25% used [0x0000000081c00000,0x0000000082e6c028,0x0000000086500000)
 Metaspace       used 20641K, capacity 21104K, committed 21296K, reserved 1069056K
  class space    used 2470K, capacity 2618K, committed 2688K, reserved 1048576K
}
Event: 8.442 GC heap before
{Heap before GC invocations=9 (full 1):
 PSYoungGen      total 145920K, used 133120K [0x00000000d5f00000, 0x00000000e7c00000, 0x0000000100000000)
  eden space 133120K, 100% used [0x00000000d5f00000,0x00000000de100000,0x00000000de100000)
  from space 12800K, 0% used [0x00000000de100000,0x00000000de100000,0x00000000ded80000)
  to   space 12800K, 0% used [0x00000000e6f80000,0x00000000e6f80000,0x00000000e7c00000)
 ParOldGen       total 74752K, used 18864K [0x0000000081c00000, 0x0000000086500000, 0x00000000d5f00000)
  object space 74752K, 25% used [0x0000000081c00000,0x0000000082e6c028,0x0000000086500000)
 Metaspace       used 23890K, capacity 24470K, committed 24704K, reserved 1071104K
  class space    used 2725K, capacity 2907K, committed 2944K, reserved 1048576K
Event: 8.471 GC heap after
Heap after GC invocations=9 (full 1):
 PSYoungGen      total 209920K, used 12791K [0x00000000d5f00000, 0x00000000e7c00000, 0x0000000100000000)
  eden space 197120K, 0% used [0x00000000d5f00000,0x00000000d5f00000,0x00000000e1f80000)
  from space 12800K, 99% used [0x00000000e6f80000,0x00000000e7bfddd0,0x00000000e7c00000)
  to   space 16896K, 0% used [0x00000000e5b00000,0x00000000e5b00000,0x00000000e6b80000)
 ParOldGen       total 74752K, used 24676K [0x0000000081c00000, 0x0000000086500000, 0x00000000d5f00000)
  object space 74752K, 33% used [0x0000000081c00000,0x00000000834190e0,0x0000000086500000)
 Metaspace       used 23890K, capacity 24470K, committed 24704K, reserved 1071104K
  class space    used 2725K, capacity 2907K, committed 2944K, reserved 1048576K
}
Event: 10.355 GC heap before
{Heap before GC invocations=10 (full 1):
 PSYoungGen      total 209920K, used 119230K [0x00000000d5f00000, 0x00000000e7c00000, 0x0000000100000000)
  eden space 197120K, 53% used [0x00000000d5f00000,0x00000000dc6f1de8,0x00000000e1f80000)
  from space 12800K, 99% used [0x00000000e6f80000,0x00000000e7bfddd0,0x00000000e7c00000)
  to   space 16896K, 0% used [0x00000000e5b00000,0x00000000e5b00000,0x00000000e6b80000)
 ParOldGen       total 74752K, used 24676K [0x0000000081c00000, 0x0000000086500000, 0x00000000d5f00000)
  object space 74752K, 33% used [0x0000000081c00000,0x00000000834190e0,0x0000000086500000)
 Metaspace       used 34721K, capacity 35464K, committed 35496K, reserved 1081344K
  class space    used 4128K, capacity 4342K, committed 4352K, reserved 1048576K
Event: 10.390 GC heap after
Heap after GC invocations=10 (full 1):
 PSYoungGen      total 266752K, used 16874K [0x00000000d5f00000, 0x00000000e7f00000, 0x0000000100000000)
  eden space 249856K, 0% used [0x00000000d5f00000,0x00000000d5f00000,0x00000000e5300000)
  from space 16896K, 99% used [0x00000000e5b00000,0x00000000e6b7a968,0x00000000e6b80000)
  to   space 19968K, 0% used [0x00000000e6b80000,0x00000000e6b80000,0x00000000e7f00000)
 ParOldGen       total 74752K, used 33332K [0x0000000081c00000, 0x0000000086500000, 0x00000000d5f00000)
  object space 74752K, 44% used [0x0000000081c00000,0x0000000083c8d168,0x0000000086500000)
 Metaspace       used 34721K, capacity 35464K, committed 35496K, reserved 1081344K
  class space    used 4128K, capacity 4342K, committed 4352K, reserved 1048576K
}
Event: 10.390 GC heap before
{Heap before GC invocations=11 (full 2):
 PSYoungGen      total 266752K, used 16874K [0x00000000d5f00000, 0x00000000e7f00000, 0x0000000100000000)
  eden space 249856K, 0% used [0x00000000d5f00000,0x00000000d5f00000,0x00000000e5300000)
  from space 16896K, 99% used [0x00000000e5b00000,0x00000000e6b7a968,0x00000000e6b80000)
  to   space 19968K, 0% used [0x00000000e6b80000,0x00000000e6b80000,0x00000000e7f00000)
 ParOldGen       total 74752K, used 33332K [0x0000000081c00000, 0x0000000086500000, 0x00000000d5f00000)
  object space 74752K, 44% used [0x0000000081c00000,0x0000000083c8d168,0x0000000086500000)
 Metaspace       used 34721K, capacity 35464K, committed 35496K, reserved 1081344K
  class space    used 4128K, capacity 4342K, committed 4352K, reserved 1048576K
Event: 10.540 GC heap after
Heap after GC invocations=11 (full 2):
 PSYoungGen      total 266752K, used 0K [0x00000000d5f00000, 0x00000000e7f00000, 0x0000000100000000)
  eden space 249856K, 0% used [0x00000000d5f00000,0x00000000d5f00000,0x00000000e5300000)
  from space 16896K, 0% used [0x00000000e5b00000,0x00000000e5b00000,0x00000000e6b80000)
  to   space 19968K, 0% used [0x00000000e6b80000,0x00000000e6b80000,0x00000000e7f00000)
 ParOldGen       total 126464K, used 42305K [0x0000000081c00000, 0x0000000089780000, 0x00000000d5f00000)
  object space 126464K, 33% used [0x0000000081c00000,0x0000000084550560,0x0000000089780000)
 Metaspace       used 34721K, capacity 35464K, committed 35496K, reserved 1081344K
  class space    used 4128K, capacity 4342K, committed 4352K, reserved 1048576K
}

